<?xml version="1.0" encoding="UTF-8"?>
<testsuite xmlns:xsi="http://www.w3.org/2001/XMLSchema-instance" xsi:noNamespaceSchemaLocation="https://maven.apache.org/surefire/maven-surefire-plugin/xsd/surefire-test-report-3.0.xsd" version="3.0" name="se.kth.id1021.CalculatorTest" time="0.016" tests="3" errors="0" skipped="0" failures="0">
  <properties>
[...]
</properties>
  <testcase name="testCalculator1" classname="se.kth.id1021.CalculatorTest" time="0.003"/>
  <testcase name="testCalculator2" classname="se.kth.id1021.CalculatorTest" time="0.0"/>
  <testcase name="testCalculatorExpand" classname="se.kth.id1021.CalculatorTest" time="0.0"/>
</testsuite>